Loading data...
  Rows: 335283 | Patients: 21100
  State counts:

     1      2      3      4      5      6 
 29560  86058  82079  27414 102945   7227 

--- Observed Transition Counts ---
Transition count matrix (rows=From, cols=To):
    To
From     1     2     3     4     5     6
   1 21830  5658   229    66   392   212
   2     0 73960  6293   292  1314   722
   3     0     0 71160  4647  2511   795
   4     0     0     0 20764  5485   414
   5     0     0     0     0 92355  5084

Allowed M1 arcs — observed counts:
 transition count
       1->2  5658
       2->3  6293
       3->4  4647
       4->5  5485
       1->6   212
       2->6   722
       3->6   795
       4->6   414
       5->6  5084

--- Transition breakdown by sex and hypertension ---
 transition total male female htn_yes htn_no
       1->2  5658 3343   2315    4872    786
       2->3  6293 3686   2607    5402    891
       3->4  4647 2744   1903    3970    677
       4->5  5485 3346   2139    4772    713
       1->6   212  140     72     208      4
       2->6   722  457    265     604    118
       3->6   795  523    272     666    129
       4->6   414  303    111     327     87
       5->6  5084 3528   1556    4542    542

--- Cohort Summary ---
  Total patients : 21100
  Male           : 12668 (60.0%)
  Female         : 8432 (40.0%)
  HTN at CKD dx  : 18355 (87.0%)  — Male: 11169, Female: 7186

Fitting M1...
M1 converged.


====== M1: Complete Parameter Table ======
Model: lambda_ij(z) = a_ij * exp(beta_ij^T z)
Reference group: female, no HTN

--- Baseline rates a_ij (at reference group) ---
 transition     a_ij CI_lower CI_upper
       1->2 0.542255 0.503589 0.583889
       1->6 0.001429 0.000375 0.005448
       2->3 0.166522 0.156673 0.176990
       2->6 0.014918 0.012147 0.018321
       3->4 0.192677 0.180955 0.205157
       3->6 0.020711 0.017042 0.025172
       4->5 0.288523 0.270668 0.307555
       4->6 0.016558 0.012557 0.021833
       5->6 0.074612 0.068017 0.081847

--- Covariate effects: beta_ij = log(HR_ij), HR_ij = exp(beta_ij) ---

        transition    covariate    beta beta_lower beta_upper     HR HR_lower
 State 1 - State 2          sex  0.0113    -0.0391     0.0618 1.0114   0.9617
 State 1 - State 6          sex  0.3127     0.0170     0.6084 1.3671   1.0172
 State 2 - State 3          sex  0.1142     0.0707     0.1576 1.1209   1.0733
 State 2 - State 6          sex  0.2043     0.0492     0.3594 1.2267   1.0505
 State 3 - State 4          sex  0.2267     0.1842     0.2693 1.2545   1.2023
 State 3 - State 6          sex  0.3548     0.2030     0.5066 1.4259   1.2251
 State 4 - State 5          sex  0.1332     0.0917     0.1747 1.1425   1.0960
 State 4 - State 6          sex  0.6058     0.3633     0.8484 1.8328   1.4381
 State 5 - State 6          sex  0.2092     0.1495     0.2689 1.2327   1.1612
 State 1 - State 2 htn_baseline -0.4200    -0.4916    -0.3483 0.6571   0.6116
 State 1 - State 6 htn_baseline  2.0243     0.6945     3.3542 7.5712   2.0028
 State 2 - State 3 htn_baseline -0.0336    -0.0941     0.0269 0.9669   0.9102
 State 2 - State 6 htn_baseline -0.1924    -0.3946     0.0098 0.8250   0.6739
 State 3 - State 4 htn_baseline  0.0882     0.0254     0.1510 1.0922   1.0258
 State 3 - State 6 htn_baseline -0.2858    -0.4795    -0.0921 0.7514   0.6191
 State 4 - State 5 htn_baseline  1.3258     1.2629     1.3888 3.7654   3.5356
 State 4 - State 6 htn_baseline  0.4931     0.2403     0.7458 1.6373   1.2717
 State 5 - State 6 htn_baseline  0.1235     0.0344     0.2126 1.1315   1.0350
 HR_upper
   1.0637
   1.8374
   1.1707
   1.4324
   1.3090
   1.6596
   1.1909
   2.3358
   1.3085
   0.7059
  28.6219
   1.0272
   1.0098
   1.1630
   0.9120
   4.0101
   2.1081
   1.2369

--- Mean Sojourn Times (4 profiles: sex x HTN) ---

      profile sex htn_baseline State1_est State1_lo State1_hi State2_est
1 sex=0 htn=0   0            0      1.839     1.708     1.980      5.511
2 sex=1 htn=0   1            0      1.817     1.696     1.946      4.879
3 sex=0 htn=1   0            1      2.724     2.619     2.833      5.770
4 sex=1 htn=1   1            1      2.666     2.579     2.756      5.113
  State2_lo State2_hi State3_est State3_lo State3_hi State4_est State4_lo
1     5.199     5.843      4.686     4.415     4.974      3.278     3.081
2     4.611     5.162      3.687     3.476     3.910      2.778     2.617
3     5.577     5.969      4.425     4.278     4.577      0.898     0.868
4     4.976     5.254      3.494     3.406     3.584      0.775     0.755
  State4_hi State5_est State5_lo State5_hi
1     3.488     13.403    12.218    14.702
2     2.949     10.873     9.969    11.859
3     0.929     11.845    11.257    12.464
4     0.795      9.609     9.287     9.943


========== VALIDATION ==========

--- Pearson goodness-of-fit (M1) ---
$Observed
             Time Interval           Cov  1-1 1-2 1-3 1-4 1-5 1-6  2-2 2-3 2-4
1    [0.57,54.18)        1         -2.25 1453 384   8   6  52  46 3348 506  17
2   [54.18,63.51)        1         -2.25  812 289   7   9  71  28 2922 444  36
3   [63.51,73.62)        1         -2.25  532 208   2  12  42  17 2544 370  45
4  [73.62,110.85]        1         -2.25  377 194   1   3  17  23 2592 442  13
5    [0.57,54.18)        2         -2.25  896 134   9   0   0   1 2356 156   3
6   [54.18,63.51)        2         -2.25  432  60   0   0   9   2 1986  86   9
7   [63.51,73.62)        2         -2.25  273  27   1   0   4   0 1552  72   4
8  [73.62,110.85]        2         -2.25  175  11   0   0   1   1 1911  51   0
9    [0.57,54.18)        3         -2.25 3076 714  35   1  10   9 4864 371  12
10  [54.18,63.51)        3         -2.25 1961 458  23   6   8   3 5394 342  31
11  [63.51,73.62)        3         -2.25 1133 272  11   6  14   4 4608 230  13
12 [73.62,110.85]        3         -2.25  690 128   3   0  10   3 4199 149   9
13   [0.57,54.18)        1 (-2.25,-1.96)    0   0   0   0   0   0    0   0   0
14  [54.18,63.51)        1 (-2.25,-1.96)    0   0   0   0   0   0    0   0   0
15  [63.51,73.62)        1 (-2.25,-1.96)    0   0   0   0   0   0    0   0   0
16 [73.62,110.85]        1 (-2.25,-1.96)    0   0   0   0   0   0    0   0   0
17   [0.57,54.18)        2 (-2.25,-1.96)    0   0   0   0   0   0    0   0   0
18  [54.18,63.51)        2 (-2.25,-1.96)    0   0   0   0   0   0    0   0   0
19  [63.51,73.62)        2 (-2.25,-1.96)    0   0   0   0   0   0    0   0   0
20 [73.62,110.85]        2 (-2.25,-1.96)    0   0   0   0   0   0    0   0   0
21   [0.57,54.18)        3 (-2.25,-1.96)    0   0   0   0   0   0    0   0   0
22  [54.18,63.51)        3 (-2.25,-1.96)    0   0   0   0   0   0    0   0   0
23  [63.51,73.62)        3 (-2.25,-1.96)    0   0   0   0   0   0    0   0   0
24 [73.62,110.85]        3 (-2.25,-1.96)    0   0   0   0   0   0    0   0   0
25   [0.57,54.18)        1 [-1.96,-1.32] 1203 377  11   6  29  21 3282 511  20
26  [54.18,63.51)        1 [-1.96,-1.32]  597 244   2   4  40  11 2408 432  27
27  [63.51,73.62)        1 [-1.96,-1.32]  453 187   5   4  36  13 2355 336  11
28 [73.62,110.85]        1 [-1.96,-1.32]  309 166   3   0  19  16 2148 357   9
29   [0.57,54.18)        2 [-1.96,-1.32]  754 113   4   0   1   1 2300 135   2
30  [54.18,63.51)        2 [-1.96,-1.32]  362  47   4   0   3   3 1715  95   1
31  [63.51,73.62)        2 [-1.96,-1.32]  198  32   1   0   2   2 1381  60   1
32 [73.62,110.85]        2 [-1.96,-1.32]  151   9   1   0   0   2 1733  41   0
33   [0.57,54.18)        3 [-1.96,-1.32] 2774 762  42   4   8   4 5187 385   7
34  [54.18,63.51)        3 [-1.96,-1.32] 1589 458  29   3   6   0 5058 322  13
35  [63.51,73.62)        3 [-1.96,-1.32]  980 247  19   1   5   1 4440 234   6
36 [73.62,110.85]        3 [-1.96,-1.32]  650 137   8   1   5   1 3677 166   3
   2-5 2-6  3-3 3-4 3-5 3-6  4-4 4-5 4-6  5-5 5-6
1  112  64 3355 469 297  68  514 683  11 2096 169
2  220  80 3128 461 376  99  686 746  38 3329 335
3  204  57 3141 411 364 113  840 703  75 4334 552
4   98 112 2813 525 238 115  811 744  80 4179 664
5    8  10 3316  65  49   2  554  15   0 5963  33
6   14   7 3121  54  52   5  795  13   2 6758  54
7    8   9 2897  45  32  10 1003  10   8 7668  68
8    1  12 3632  29  10   6 1317   9   5 6029  52
9   18   8 2464  81  35   3  187   2   0 1033 208
10  36  13 3136  89  42   7  434   5   3 2419 273
11  37  15 3110  82  29   3  670   9  12 4210 355
12  18   5 2870  66  31  13  598   7   7 4835 406
13   0   0    0   0   0   0    0   0   0    0   0
14   0   0    0   0   0   0    0   0   0    0   0
15   0   0    0   0   0   0    0   0   0    0   0
16   0   0    0   0   0   0    0   0   0    0   0
17   0   0    0   0   0   0    0   0   0    0   0
18   0   0    0   0   0   0    0   0   0    0   0
19   0   0    0   0   0   0    0   0   0    0   0
20   0   0    0   0   0   0    0   0   0    0   0
21   0   0    0   0   0   0    0   0   0    0   0
22   0   0    0   0   0   0    0   0   0    0   0
23   0   0    0   0   0   0    0   0   0    0   0
24   0   0    0   0   0   0    0   0   0    0   0
25  63  72 2959 439 186  60  826 595  25 1588 137
26 131  62 2862 428 189  94  874 616  27 2163 207
27 159  63 2623 401 228  63  871 573  40 2842 300
28  87  88 2665 485 170  90 1035 639  68 3325 424
29   1   4 3222  70  24   2 1218  20   1 4772  14
30   7   5 3148  57  32   3 1425  24   3 4674  36
31   8   5 2506  33  26   3 1440  21   4 5846  33
32   4   3 3092  25  14   3 2177  25   3 5333  27
33  17   6 2375  83  18   4  376   6   0  838 128
34  18   5 2977 106  15  10  567   3   0 1670 148
35  31   9 2900  80  37  10  681  10   1 2720 210
36  14   8 2848  63  17   9  865   7   1 3731 251

$Expected
             Time Interval           Cov       1-1        1-2       1-3
1    [0.57,54.18)        1         -2.25 1769.0841  167.37540  4.858965
2   [54.18,63.51)        1         -2.25 1101.5330  106.34898  3.212732
3   [63.51,73.62)        1         -2.25  740.6024   67.30536  1.995137
4  [73.62,110.85]        1         -2.25  561.7947   49.41687  1.504927
5    [0.57,54.18)        2         -2.25  857.6295  166.35146  7.749463
6   [54.18,63.51)        2         -2.25  415.8469   79.55862  3.652885
7   [63.51,73.62)        2         -2.25  253.0812   47.44624  2.133166
8  [73.62,110.85]        2         -2.25  155.9726   29.26895  1.315469
9    [0.57,54.18)        3         -2.25 2737.8498  966.33016 81.586164
10  [54.18,63.51)        3         -2.25 1752.1243  616.67126 52.224522
11  [63.51,73.62)        3         -2.25 1037.2057  352.31576 29.075925
12 [73.62,110.85]        3         -2.25  609.4153  196.89137 15.804912
13   [0.57,54.18)        1 (-2.25,-1.96)    0.0000    0.00000  0.000000
14  [54.18,63.51)        1 (-2.25,-1.96)    0.0000    0.00000  0.000000
15  [63.51,73.62)        1 (-2.25,-1.96)    0.0000    0.00000  0.000000
16 [73.62,110.85]        1 (-2.25,-1.96)    0.0000    0.00000  0.000000
17   [0.57,54.18)        2 (-2.25,-1.96)    0.0000    0.00000  0.000000
18  [54.18,63.51)        2 (-2.25,-1.96)    0.0000    0.00000  0.000000
19  [63.51,73.62)        2 (-2.25,-1.96)    0.0000    0.00000  0.000000
20 [73.62,110.85]        2 (-2.25,-1.96)    0.0000    0.00000  0.000000
21   [0.57,54.18)        3 (-2.25,-1.96)    0.0000    0.00000  0.000000
22  [54.18,63.51)        3 (-2.25,-1.96)    0.0000    0.00000  0.000000
23  [63.51,73.62)        3 (-2.25,-1.96)    0.0000    0.00000  0.000000
24 [73.62,110.85]        3 (-2.25,-1.96)    0.0000    0.00000  0.000000
25   [0.57,54.18)        1 [-1.96,-1.32] 1491.3089  147.22850  3.866756
26  [54.18,63.51)        1 [-1.96,-1.32]  814.1529   79.23755  2.140425
27  [63.51,73.62)        1 [-1.96,-1.32]  635.7335   58.92458  1.589554
28 [73.62,110.85]        1 [-1.96,-1.32]  467.0201   43.46631  1.211020
29   [0.57,54.18)        2 [-1.96,-1.32]  716.9860  144.90314  6.193717
30  [54.18,63.51)        2 [-1.96,-1.32]  345.7714   68.09185  2.833823
31  [63.51,73.62)        2 [-1.96,-1.32]  194.3987   37.78452  1.548661
32 [73.62,110.85]        2 [-1.96,-1.32]  135.5781   25.49225  1.029070
33   [0.57,54.18)        3 [-1.96,-1.32] 2435.4845 1025.86994 90.612264
34  [54.18,63.51)        3 [-1.96,-1.32] 1450.1544  567.43957 45.324273
35  [63.51,73.62)        3 [-1.96,-1.32]  869.0832  343.80693 27.422257
36 [73.62,110.85]        3 [-1.96,-1.32]  566.4143  211.60246 16.271295
          1-4         1-5       1-6      2-2      2-3       2-4        2-5
1  0.13794732 0.016392354  7.527203 3838.886 183.2166  7.017740  1.0769944
2  0.09358443 0.011341077  4.800374 3501.628 176.0354  7.015793  1.1103214
3  0.05748266 0.006901275  3.032675 3054.102 145.9739  5.648567  0.8746200
4  0.04519425 0.005717711  2.232633 3082.904 152.7445  6.222049  1.0258587
5  0.31200580 0.052752515  7.904779 2290.038 208.1146 11.958234  2.7377537
6  0.14505011 0.024088447  3.772413 1903.856 169.9807  9.606185  2.1483925
7  0.08304422 0.013449071  2.242906 1492.166 131.2670  7.318798  1.6070132
8  0.05114495 0.008258792  1.383531 1791.922 157.2844  8.744598  1.9104413
9  5.50688411 1.835244824 51.891778 4448.272 667.7232 58.953964 25.4069018
10 3.55325892 1.249881682 33.176750 4925.385 722.9233 62.894704 26.5685311
11 1.94225698 0.647596431 18.812789 4163.677 600.8011 51.809455 21.8350848
12 1.05109687 0.379290716 10.457990 3750.592 514.3268 42.835252 17.3349616
13 0.00000000 0.000000000  0.000000    0.000   0.0000  0.000000  0.0000000
14 0.00000000 0.000000000  0.000000    0.000   0.0000  0.000000  0.0000000
15 0.00000000 0.000000000  0.000000    0.000   0.0000  0.000000  0.0000000
16 0.00000000 0.000000000  0.000000    0.000   0.0000  0.000000  0.0000000
17 0.00000000 0.000000000  0.000000    0.000   0.0000  0.000000  0.0000000
18 0.00000000 0.000000000  0.000000    0.000   0.0000  0.000000  0.0000000
19 0.00000000 0.000000000  0.000000    0.000   0.0000  0.000000  0.0000000
20 0.00000000 0.000000000  0.000000    0.000   0.0000  0.000000  0.0000000
21 0.00000000 0.000000000  0.000000    0.000   0.0000  0.000000  0.0000000
22 0.00000000 0.000000000  0.000000    0.000   0.0000  0.000000  0.0000000
23 0.00000000 0.000000000  0.000000    0.000   0.0000  0.000000  0.0000000
24 0.00000000 0.000000000  0.000000    0.000   0.0000  0.000000  0.0000000
25 0.08964923 0.008558367  4.497672 3759.354 167.9856  5.435977  0.5877316
26 0.05083706 0.004853817  2.413414 2909.433 133.9851  4.426897  0.4951050
27 0.03796344 0.003473799  1.710971 2783.367 125.1615  4.108852  0.4457593
28 0.03032009 0.002860631  1.269357 2557.097 116.9594  4.073289  0.4471326
29 0.20833450 0.027770585  4.681024 2227.976 186.5007  9.113758  1.4344351
30 0.09272531 0.012142311  2.198089 1666.399 136.6708  6.548426  1.0314404
31 0.04981537 0.006350883  1.211911 1332.062 107.4535  5.050547  0.7941673
32 0.03256647 0.004375139  0.863604 1629.668 132.0800  6.289705  0.9468466
33 6.95893406 1.529778254 33.544568 4774.658 684.3978 57.314383 14.9343525
34 2.77960007 0.640955549 18.661167 4631.255 651.4086 52.970081 13.7448820
35 1.70625360 0.331305161 10.650071 4055.660 553.4844 43.409617 11.9386908
36 0.99006549 0.188856166  6.532999 3347.088 435.3222 33.266925  8.5799233
         2-6      3-3      3-4       3-5      3-6        4-4      4-5       4-6
1  16.802891 3878.928 232.3461  50.94789 26.77793 1011.46634 186.4231 10.110516
2  16.210006 3757.880 228.0140  51.58367 26.52268 1207.18046 248.9333 13.886192
3  13.401312 3730.028 223.1263  49.97008 25.87553 1297.86252 302.9270 17.210434
4  14.104019 3409.922 207.2241  49.35422 24.49935 1337.65933 281.0816 16.259073
5  20.151478 2963.212 313.2938 112.39285 43.10141  296.01025 254.9266 18.063147
6  16.408983 2798.572 291.6015 102.13532 39.69164  423.58637 360.9528 25.460846
7  12.641430 2588.367 267.2459  92.24351 36.14407  537.16536 452.1039 31.730701
8  15.138851 3189.710 329.2857 113.49908 44.50547  699.75947 589.8405 41.399991
9  72.644094 2082.725 286.5666 163.06994 50.63869   75.34582 104.3803  9.273858
10 78.228803 2667.005 354.9240 191.38397 60.68698  180.10168 241.0188 20.879493
11 64.877353 2642.882 344.3920 179.09953 57.62679  284.19935 373.8927 32.907922
12 54.911217 2466.823 310.7594 152.21652 50.20064  271.76681 314.2366 25.996616
13  0.000000    0.000   0.0000   0.00000  0.00000    0.00000   0.0000  0.000000
14  0.000000    0.000   0.0000   0.00000  0.00000    0.00000   0.0000  0.000000
15  0.000000    0.000   0.0000   0.00000  0.00000    0.00000   0.0000  0.000000
16  0.000000    0.000   0.0000   0.00000  0.00000    0.00000   0.0000  0.000000
17  0.000000    0.000   0.0000   0.00000  0.00000    0.00000   0.0000  0.000000
18  0.000000    0.000   0.0000   0.00000  0.00000    0.00000   0.0000  0.000000
19  0.000000    0.000   0.0000   0.00000  0.00000    0.00000   0.0000  0.000000
20  0.000000    0.000   0.0000   0.00000  0.00000    0.00000   0.0000  0.000000
21  0.000000    0.000   0.0000   0.00000  0.00000    0.00000   0.0000  0.000000
22  0.000000    0.000   0.0000   0.00000  0.00000    0.00000   0.0000  0.000000
23  0.000000    0.000   0.0000   0.00000  0.00000    0.00000   0.0000  0.000000
24  0.000000    0.000   0.0000   0.00000  0.00000    0.00000   0.0000  0.000000
25 14.636799 3419.864 178.4433  26.98224 18.71087 1275.23403 162.3830  8.382943
26 11.660316 3346.410 179.5576  28.09924 18.93343 1318.03882 189.3942  9.566958
27 10.917207 3113.205 159.9773  25.18716 16.63063 1286.71841 187.5632  9.718418
28 10.423600 3193.335 170.4853  27.97410 18.20555 1509.60368 220.5713 11.825071
29 16.975257 2947.683 273.3119  64.75917 32.24643  931.14990 287.5094 20.340723
30 12.349921 2886.158 262.5561  60.61707 30.66915 1066.47427 362.0824 23.443332
31  9.640162 2291.526 205.2362  47.50253 23.73493 1045.02580 395.6871 24.287124
32 12.015363 2793.310 254.0190  56.85044 29.82023 1625.44633 543.1610 36.392661
33 70.695714 2076.849 269.5518  95.62403 37.97567  253.82351 118.7038  9.472692
34 66.621263 2627.452 324.1923 111.85598 44.49957  371.51459 184.5721 13.913352
35 55.506850 2570.702 307.6155 107.22875 41.45387  455.67612 219.5076 16.816239
36 43.743329 2515.987 286.0213  97.14402 37.84745  583.17987 269.6478 20.172301
         5-5       5-6
1  2193.5878  71.41220
2  3543.2425 120.75752
3  4730.6919 155.30806
4  4680.9993 162.00072
5  5687.5036 308.49636
6  6460.1833 351.81669
7  7340.1920 395.80797
8  5770.9380 310.06202
9  1100.7660 140.23402
10 2418.8394 273.16063
11 4147.5037 417.49626
12 4761.1979 479.80206
13    0.0000   0.00000
14    0.0000   0.00000
15    0.0000   0.00000
16    0.0000   0.00000
17    0.0000   0.00000
18    0.0000   0.00000
19    0.0000   0.00000
20    0.0000   0.00000
21    0.0000   0.00000
22    0.0000   0.00000
23    0.0000   0.00000
24    0.0000   0.00000
25 1681.1370  43.86302
26 2307.7358  62.26420
27 3060.1771  81.82288
28 3647.3901 101.60990
29 4585.0875 200.91252
30 4512.4100 197.58997
31 5632.8818 246.11823
32 5137.2661 222.73391
33  877.7245  88.27551
34 1668.6506 149.34935
35 2705.2536 224.74643
36 3696.9085 285.09147

$`Deviance*sign(O-E)`
             Time Interval           Cov         1-1         1-2           1-3
1    [0.57,54.18)        1         -2.25 -56.4750728 280.3650741  2.030495e+00
2   [54.18,63.51)        1         -2.25 -76.1024421 313.6973541  4.464550e+00
3   [63.51,73.62)        1         -2.25 -58.7561945 294.1070968  1.185368e-05
4  [73.62,110.85]        1         -2.25 -60.7856747 423.0192037 -1.694108e-01
5    [0.57,54.18)        2         -2.25   1.7166999  -6.2916022  2.018002e-01
6   [54.18,63.51)        2         -2.25   0.6274457  -4.8082750 -3.652885e+00
7   [63.51,73.62)        2         -2.25   1.5677138  -8.8109998 -6.019526e-01
8  [73.62,110.85]        2         -2.25   2.3211786 -11.4030281 -1.315469e+00
9    [0.57,54.18)        3         -2.25  41.7647379 -65.8889809 -2.660096e+01
10  [54.18,63.51)        3         -2.25  24.9006568 -40.8265640 -1.635386e+01
11  [63.51,73.62)        3         -2.25   8.8473804 -18.3092046 -1.123744e+01
12 [73.62,110.85]        3         -2.25  10.6559288 -24.1047655 -1.037436e+01
13   [0.57,54.18)        1 (-2.25,-1.96)   0.0000000   0.0000000  0.000000e+00
14  [54.18,63.51)        1 (-2.25,-1.96)   0.0000000   0.0000000  0.000000e+00
15  [63.51,73.62)        1 (-2.25,-1.96)   0.0000000   0.0000000  0.000000e+00
16 [73.62,110.85]        1 (-2.25,-1.96)   0.0000000   0.0000000  0.000000e+00
17   [0.57,54.18)        2 (-2.25,-1.96)   0.0000000   0.0000000  0.000000e+00
18  [54.18,63.51)        2 (-2.25,-1.96)   0.0000000   0.0000000  0.000000e+00
19  [63.51,73.62)        2 (-2.25,-1.96)   0.0000000   0.0000000  0.000000e+00
20 [73.62,110.85]        2 (-2.25,-1.96)   0.0000000   0.0000000  0.000000e+00
21   [0.57,54.18)        3 (-2.25,-1.96)   0.0000000   0.0000000  0.000000e+00
22  [54.18,63.51)        3 (-2.25,-1.96)   0.0000000   0.0000000  0.000000e+00
23  [63.51,73.62)        3 (-2.25,-1.96)   0.0000000   0.0000000  0.000000e+00
24 [73.62,110.85]        3 (-2.25,-1.96)   0.0000000   0.0000000  0.000000e+00
25   [0.57,54.18)        1 [-1.96,-1.32] -55.7376172 358.5918788  1.315913e+01
26  [54.18,63.51)        1 [-1.96,-1.32] -57.9195735 342.5984774 -9.212785e-03
27  [63.51,73.62)        1 [-1.96,-1.32] -52.5243947 278.3780703  7.317233e+00
28 [73.62,110.85]        1 [-1.96,-1.32] -53.4674211 345.4285627  2.642769e+00
29   [0.57,54.18)        2 [-1.96,-1.32]   1.9108256  -7.0240741 -7.769801e-01
30  [54.18,63.51)        2 [-1.96,-1.32]   0.7616836  -6.5333236  4.799061e-01
31  [63.51,73.62)        2 [-1.96,-1.32]   0.0667137  -0.8855658 -1.943798e-01
32 [73.62,110.85]        2 [-1.96,-1.32]   1.7542215 -10.6696900 -8.211977e-04
33   [0.57,54.18)        3 [-1.96,-1.32]  47.0513095 -67.8715147 -2.607983e+01
34  [54.18,63.51)        3 [-1.96,-1.32]  13.2938196 -21.1071279 -5.879452e+00
35  [63.51,73.62)        3 [-1.96,-1.32]  14.1557680 -27.2582683 -2.586746e+00
36 [73.62,110.85]        3 [-1.96,-1.32]  12.3347246 -26.3018053 -4.204602e+00
             1-4           1-5         1-6        2-2        2-3          2-4
1   2.491071e+02  1.648510e+05 196.6409155 -62.770519  568.66647  14.19908901
2   8.476222e+02  4.443484e+05 112.1209834 -95.946551  407.90107 119.74188723
3   2.481161e+03  2.555209e+05  64.3280902 -85.198098  343.81281 274.14654509
4   1.931856e+02  5.051071e+04 193.1726204 -78.168610  547.76903   7.38351932
5  -3.120058e-01 -5.275251e-02  -6.0312852   1.899967  -13.05018  -6.71085326
6  -1.450501e-01  3.344632e+03  -0.8327424   3.544215  -41.49149  -0.03825241
7  -8.304422e-02  1.181687e+03  -2.2429058   2.399291  -26.75905  -1.50494911
8  -5.114495e-02  1.190913e+02  -0.1063191   7.913091  -71.82133  -8.74459835
9  -3.688475e+00  3.632389e+01 -35.4527186  38.853277 -131.85804 -37.39654832
10  1.684803e+00  3.645473e+01 -27.4480241  44.585424 -200.71642 -16.17420978
11  8.477394e+00  2.753052e+02 -11.6632743  47.415527 -228.85022 -29.07140782
12 -1.051097e+00  2.440293e+02  -5.3185759  53.610188 -259.49195 -26.72621832
13  0.000000e+00  0.000000e+00   0.0000000   0.000000    0.00000   0.00000000
14  0.000000e+00  0.000000e+00   0.0000000   0.000000    0.00000   0.00000000
15  0.000000e+00  0.000000e+00   0.0000000   0.000000    0.00000   0.00000000
16  0.000000e+00  0.000000e+00   0.0000000   0.000000    0.00000   0.00000000
17  0.000000e+00  0.000000e+00   0.0000000   0.000000    0.00000   0.00000000
18  0.000000e+00  0.000000e+00   0.0000000   0.000000    0.00000   0.00000000
19  0.000000e+00  0.000000e+00   0.0000000   0.000000    0.00000   0.00000000
20  0.000000e+00  0.000000e+00   0.0000000   0.000000    0.00000   0.00000000
21  0.000000e+00  0.000000e+00   0.0000000   0.000000    0.00000   0.00000000
22  0.000000e+00  0.000000e+00   0.0000000   0.000000    0.00000   0.00000000
23  0.000000e+00  0.000000e+00   0.0000000   0.000000    0.00000   0.00000000
24  0.000000e+00  0.000000e+00   0.0000000   0.000000    0.00000   0.00000000
25  3.896547e+02  9.820841e+04  60.5484014 -60.613262  700.41018  39.01980895
26  3.067819e+02  3.295575e+05  30.5498522 -86.420490  662.85593 115.10205725
27  4.134961e+02  3.730066e+05  74.4852869 -65.926651  355.16435  11.55746486
28 -3.032009e-02  1.261580e+05 170.9463247 -65.449231  492.64515   5.95893833
29 -2.083345e-01  3.403710e+01  -2.8946527   2.328334  -14.22149  -5.55265445
30 -9.272531e-02  7.352220e+02   0.2925548   1.417436  -12.70537  -4.70113405
31 -4.981537e-02  6.258400e+02   0.5124842   1.797936  -20.95634  -3.24854543
32 -3.256647e-02 -4.375139e-03   1.4953563   6.551938  -62.80714  -6.28970537
33 -1.258137e+00  2.736591e+01 -26.0215455  35.610111 -130.97503 -44.16931664
34  1.747594e-02  4.480710e+01 -18.6611673  39.322196 -166.57749 -30.16056094
35 -2.923329e-01  6.579044e+01  -8.7439667  36.422400 -184.41401 -32.23892653
36  9.968485e-05  1.225647e+02  -4.6860681  32.518474 -166.62245 -27.53746418
             2-5         2-6        3-3       3-4         3-5       3-6
1   1.142431e+04 132.5704670  -70.76713  241.0415 1188.305148  63.45747
2   4.315209e+04 251.0278748 -105.57773  238.0665 2040.296003 198.05553
3   4.717468e+04 141.8402529  -93.01647  158.1907 1973.476738 293.35326
4   9.166939e+03 679.4959092 -104.49396  487.3059  721.057607 334.30957
5   1.011458e+01  -5.1138929   42.00152 -196.7795  -35.755416 -39.19422
6   6.537939e+01  -5.3951525   37.14756 -193.6014  -24.609998 -30.32149
7   2.543245e+01  -1.0489327   36.80105 -184.8231  -39.344566 -18.91077
8  -4.338806e-01  -0.6508014   61.32867 -273.8397  -94.380147 -33.31436
9  -2.159342e+00 -57.5251016   69.79836 -147.4618 -100.582052 -44.81642
10  3.348044e+00 -54.3891323   82.47313 -199.2414 -116.601041 -47.49440
11  1.053235e+01 -38.3454349   82.56121 -199.9162 -125.795247 -51.78296
12  2.551353e-02 -45.3664976   65.89502 -192.7767  -96.529898 -27.56714
13  0.000000e+00   0.0000000    0.00000    0.0000    0.000000   0.00000
14  0.000000e+00   0.0000000    0.00000    0.0000    0.000000   0.00000
15  0.000000e+00   0.0000000    0.00000    0.0000    0.000000   0.00000
16  0.000000e+00   0.0000000    0.00000    0.0000    0.000000   0.00000
17  0.000000e+00   0.0000000    0.00000    0.0000    0.000000   0.00000
18  0.000000e+00   0.0000000    0.00000    0.0000    0.000000   0.00000
19  0.000000e+00   0.0000000    0.00000    0.0000    0.000000   0.00000
20  0.000000e+00   0.0000000    0.00000    0.0000    0.000000   0.00000
21  0.000000e+00   0.0000000    0.00000    0.0000    0.000000   0.00000
22  0.000000e+00   0.0000000    0.00000    0.0000    0.000000   0.00000
23  0.000000e+00   0.0000000    0.00000    0.0000    0.000000   0.00000
24  0.000000e+00   0.0000000    0.00000    0.0000    0.000000   0.00000
25  6.627670e+03 224.8125904  -62.10636  380.4559  937.159076  91.11242
26  3.439983e+04 217.3254767  -70.12076  343.7539  921.343509 297.62126
27  5.639691e+04 248.4717180  -77.18762  363.1264 1633.096279 129.28662
28  1.675431e+04 577.3530822  -87.41266  580.2230  721.072480 283.12483
29 -1.315736e-01  -9.9178052   25.52855 -151.2401  -25.653659 -28.37047
30  3.453782e+01  -4.3742254   23.75525 -160.9306  -13.510005 -24.96261
31  6.538172e+01  -2.2334795   20.07349 -144.5423   -9.733348 -18.11412
32  9.845044e+00  -6.7644040   31.93899 -206.4794  -32.298078 -24.12203
33  2.857104e-01 -59.2049386   42.80250 -129.1090  -63.012298 -30.39700
34  1.317292e+00 -56.9965184   46.50272 -146.8507  -83.867494 -26.74678
35  3.043328e+01 -38.9661297   42.18197 -168.4207  -45.995848 -23.86619
36  3.423950e+00 -29.2064096   43.81282 -173.8979  -66.118982 -21.98762
          4-4       4-5          4-6           5-5           5-6
1  -244.66732 1322.7358   0.07825333 -4.341463e+00  1.333579e+02
2  -225.01116  992.5358  41.87438461 -1.295419e+01  3.800993e+02
3  -161.52565  528.3727 194.04704336 -3.326458e+01  1.013241e+03
4  -207.35477  762.3887 249.88544643 -5.383536e+01  1.555569e+03
5   224.85272 -225.8092 -18.06314745  1.334474e+01 -2.460264e+02
6   325.66695 -335.4210 -21.61794960  1.372945e+01 -2.521051e+02
7   403.97600 -432.3251 -17.74767544  1.463968e+01 -2.714904e+02
8   544.45262 -571.9779 -32.00385583  1.153989e+01 -2.147829e+02
9   165.45918 -100.4186  -9.27385832 -4.171848e+00  3.274689e+01
10  357.93313 -231.1226 -15.31053842  1.066733e-05 -9.445929e-05
11  523.72444 -356.1094 -13.28376790  9.417188e-01 -9.355251e+00
12  391.61551 -300.3925 -13.88147706  1.143986e+00 -1.135207e+01
13    0.00000    0.0000   0.00000000  0.000000e+00  0.000000e+00
14    0.00000    0.0000   0.00000000  0.000000e+00  0.000000e+00
15    0.00000    0.0000   0.00000000  0.000000e+00  0.000000e+00
16    0.00000    0.0000   0.00000000  0.000000e+00  0.000000e+00
17    0.00000    0.0000   0.00000000  0.000000e+00  0.000000e+00
18    0.00000    0.0000   0.00000000  0.000000e+00  0.000000e+00
19    0.00000    0.0000   0.00000000  0.000000e+00  0.000000e+00
20    0.00000    0.0000   0.00000000  0.000000e+00  0.000000e+00
21    0.00000    0.0000   0.00000000  0.000000e+00  0.000000e+00
22    0.00000    0.0000   0.00000000  0.000000e+00  0.000000e+00
23    0.00000    0.0000   0.00000000  0.000000e+00  0.000000e+00
24    0.00000    0.0000   0.00000000  0.000000e+00  0.000000e+00
25 -158.25425 1152.5677  32.93909508 -5.159899e+00  1.977633e+02
26 -149.59383  960.9189  31.76673061 -9.077492e+00  3.364446e+02
27 -134.31206  792.0614  94.35426688 -1.555507e+01  5.817597e+02
28 -149.21045  793.7690 266.85865378 -2.849582e+01  1.022886e+03
29   88.36706 -248.9006 -18.38988504  7.619547e+00 -1.738881e+02
30  120.52865 -315.6732 -17.82723691  5.786557e+00 -1.321490e+02
31  149.28303 -354.8016 -16.94590890  8.063258e+00 -1.845429e+02
32  187.15564 -494.3117 -30.63996385  7.457617e+00 -1.720069e+02
33   58.80896 -107.0071  -9.47269248 -1.797871e+00  1.787625e+01
34  102.86150 -178.6208 -13.91335154  1.091156e-03 -1.219127e-02
35  111.41873 -199.9632 -14.87570551  8.038333e-02 -9.675672e-01
36  136.18884 -255.8296 -18.22187442  3.143784e-01 -4.076685e+00

$test
    stat df.lower p.lower df.upper p.upper
 2140780      333       0      360       0


--- Observed vs Expected state prevalences (Formula 5 method) ---
Observed percentages:
   State 1 State 2 State 3 State 4 State 5 State 6
40   11.41   25.49   20.14    3.49   23.52   15.95
45   10.29   27.15   18.99    4.05   21.87   17.65
50    6.77   26.68   18.94    4.01   24.46   19.15
55    4.82   22.77   17.93    3.92   25.84   24.72
60    3.67   18.55   15.79    3.99   25.81   32.20
65    2.21   14.86   13.17    3.84   25.87   40.05
70    1.57   11.26    9.52    3.21   23.66   50.79
75    1.00    8.35    7.71    2.37   19.08   61.49
80    0.54    6.25    5.95    1.76   15.20   70.29
85    0.33    3.16    3.51    1.72    8.46   82.83
Expected percentages:
   State 1 State 2 State 3 State 4 State 5 State 6
40    8.36   28.64   18.75    4.50   21.27   18.48
45    7.68   26.73   18.99    4.81   21.55   20.26
50    5.56   25.15   18.65    4.78   22.99   22.87
55    3.97   21.53   17.28    4.47   25.10   27.65
60    2.92   17.46   15.21    4.21   25.24   34.96
65    2.00   13.90   12.79    3.50   25.38   42.44
70    1.29   10.57    9.93    2.76   23.11   52.33
75    0.88    7.90    7.58    2.12   18.84   62.68
80    0.48    5.78    5.86    1.66   14.97   71.25
85    0.25    3.05    3.43    1.10   10.18   81.99
null device 
          1 
null device 
          1 
Plots saved to: /Users/qiumengli/Projects/CKD/results/M1_survival_*.pdf

All results saved to: /Users/qiumengli/Projects/CKD/results
