Loading data...
  Rows: 335283 | Patients: 21100

Loading full model from M1_msm_hom.rds...

──────────────────────────────────────────────────────────────────────────────────────────
  Full Model (M1)
──────────────────────────────────────────────────────────────────────────────────────────
  trans             a_ij  (     lower,      upper)
  1->2          0.542255  (  0.503589,   0.583889)
  1->6          0.001429  (  0.000375,   0.005448)
  2->3          0.166522  (  0.156673,   0.176990)
  2->6          0.014918  (  0.012147,   0.018321)
  3->4          0.192677  (  0.180955,   0.205157)
  3->6          0.020711  (  0.017042,   0.025172)
  4->5          0.288523  (  0.270668,   0.307555)
  4->6          0.016558  (  0.012557,   0.021833)
  5->6          0.074612  (  0.068017,   0.081847)

  trans     covariate           beta         beta 95% CI        HR           HR 95% CI  status
  1->2      sex               0.0113  (-0.0391, 0.0618)    1.0114  ( 0.9617, 1.0637)  [ ]
  1->6      sex               0.3127  ( 0.0170, 0.6084)    1.3671  ( 1.0172, 1.8374)  [*]
  2->3      sex               0.1142  ( 0.0707, 0.1576)    1.1209  ( 1.0733, 1.1707)  [*]
  2->6      sex               0.2043  ( 0.0492, 0.3594)    1.2267  ( 1.0505, 1.4324)  [*]
  3->4      sex               0.2267  ( 0.1842, 0.2693)    1.2545  ( 1.2023, 1.3090)  [*]
  3->6      sex               0.3548  ( 0.2030, 0.5066)    1.4259  ( 1.2251, 1.6596)  [*]
  4->5      sex               0.1332  ( 0.0917, 0.1747)    1.1425  ( 1.0960, 1.1909)  [*]
  4->6      sex               0.6058  ( 0.3633, 0.8484)    1.8328  ( 1.4381, 2.3358)  [*]
  5->6      sex               0.2092  ( 0.1495, 0.2689)    1.2327  ( 1.1612, 1.3085)  [*]
  1->2      htn_baseline     -0.4200  (-0.4916,-0.3483)    0.6571  ( 0.6116, 0.7059)  [*]
  1->6      htn_baseline      2.0243  ( 0.6945, 3.3542)    7.5712  ( 2.0028,28.6219)  [*]
  2->3      htn_baseline     -0.0336  (-0.0941, 0.0269)    0.9669  ( 0.9102, 1.0272)  [ ]
  2->6      htn_baseline     -0.1924  (-0.3946, 0.0098)    0.8250  ( 0.6739, 1.0098)  [ ]
  3->4      htn_baseline      0.0882  ( 0.0254, 0.1510)    1.0922  ( 1.0258, 1.1630)  [*]
  3->6      htn_baseline     -0.2858  (-0.4795,-0.0921)    0.7514  ( 0.6191, 0.9120)  [*]
  4->5      htn_baseline      1.3258  ( 1.2629, 1.3888)    3.7654  ( 3.5356, 4.0101)  [*]
  4->6      htn_baseline      0.4931  ( 0.2403, 0.7458)    1.6373  ( 1.2717, 2.1081)  [*]
  5->6      htn_baseline      0.1235  ( 0.0344, 0.2126)    1.1315  ( 1.0350, 1.2369)  [*]

htn_baseline(1->6) from full model:
  beta = 2.0243  (95% CI: 0.6945, 3.3542)
  HR   = 7.5708  (95% CI: 2.0027, 28.6227)
  Parameter index (computed): 20
  Current value in opt$par[20]: 2.024349
  sex betas (full):          0.0113, 0.3127, 0.1142, 0.2043, 0.2267, 0.3548, 0.1332, 0.6058, 0.2092
  htn_baseline betas (full): -0.42, 2.0243, -0.0336, -0.1924, 0.0882, -0.2858, 1.3258, 0.4931, 0.1235


====== S_lb: htn_baseline beta(1->6) fixed at lower CI = 0.6945 (HR=2.0027) ======
S_lb converged.

──────────────────────────────────────────────────────────────────────────────────────────
  S_lb: htn_baseline beta(1->6) fixed = 0.6945 (lower CI)
──────────────────────────────────────────────────────────────────────────────────────────
  trans             a_ij  (     lower,      upper)
  1->2          0.541829  (  0.503194,   0.583429)
  1->6          0.005229  (  0.004114,   0.006647)
  2->3          0.166542  (  0.156690,   0.177012)
  2->6          0.014827  (  0.012074,   0.018207)
  3->4          0.192642  (  0.180921,   0.205121)
  3->6          0.020747  (  0.017073,   0.025210)
  4->5          0.288478  (  0.270625,   0.307510)
  4->6          0.016548  (  0.012549,   0.021821)
  5->6          0.074567  (  0.067975,   0.081798)

  trans     covariate           beta         beta 95% CI        HR           HR 95% CI  status
  1->2      sex               0.0113  (-0.0390, 0.0617)    1.0114  ( 0.9618, 1.0636)  [ ]
  1->6      sex               0.3074  ( 0.0112, 0.6037)    1.3599  ( 1.0112, 1.8289)  [*]
  2->3      sex               0.1142  ( 0.0707, 0.1577)    1.1210  ( 1.0733, 1.1708)  [*]
  2->6      sex               0.2063  ( 0.0515, 0.3611)    1.2291  ( 1.0528, 1.4350)  [*]
  3->4      sex               0.2267  ( 0.1842, 0.2692)    1.2545  ( 1.2023, 1.3089)  [*]
  3->6      sex               0.3543  ( 0.2026, 0.5060)    1.4252  ( 1.2246, 1.6586)  [*]
  4->5      sex               0.1332  ( 0.0917, 0.1748)    1.1425  ( 1.0960, 1.1910)  [*]
  4->6      sex               0.6010  ( 0.3588, 0.8432)    1.8239  ( 1.4316, 2.3238)  [*]
  5->6      sex               0.2094  ( 0.1497, 0.2691)    1.2329  ( 1.1615, 1.3088)  [*]
  1->2      htn_baseline     -0.4191  (-0.4908,-0.3475)    0.6576  ( 0.6121, 0.7065)  [*]
  1->6      htn_baseline      0.6945  ( 0.6945, 0.6945)    2.0027  ( 2.0027, 2.0027)  [*]
  2->3      htn_baseline     -0.0338  (-0.0942, 0.0267)    0.9668  ( 0.9101, 1.0271)  [ ]
  2->6      htn_baseline     -0.1872  (-0.3893, 0.0149)    0.8293  ( 0.6775, 1.0150)  [ ]
  3->4      htn_baseline      0.0884  ( 0.0256, 0.1512)    1.0925  ( 1.0260, 1.1633)  [*]
  3->6      htn_baseline     -0.2869  (-0.4806,-0.0933)    0.7506  ( 0.6184, 0.9109)  [*]
  4->5      htn_baseline      1.3260  ( 1.2630, 1.3890)    3.7659  ( 3.5360, 4.0107)  [*]
  4->6      htn_baseline      0.4986  ( 0.2456, 0.7517)    1.6464  ( 1.2783, 2.1205)  [*]
  5->6      htn_baseline      0.1241  ( 0.0350, 0.2132)    1.1322  ( 1.0356, 1.2377)  [*]

Parameter changes (full -> S_lb):

  trans    covariate      beta_full  beta_Slb    delta    pct%  sig_f sig_Slb  note
  1->2     htn_baseline     -0.4200   -0.4191   0.0008    0.2%   TRUE    TRUE  
  1->2     sex               0.0113    0.0113   0.0000    0.0%  FALSE   FALSE  
  1->6     htn_baseline      2.0243    0.6945  -1.3298  -65.7%   TRUE    TRUE  
  1->6     sex               0.3127    0.3074  -0.0053   -1.7%   TRUE    TRUE  
  2->3     htn_baseline     -0.0336   -0.0338  -0.0001   -0.3%  FALSE   FALSE  
  2->3     sex               0.1142    0.1142   0.0000    0.0%   TRUE    TRUE  
  2->6     htn_baseline     -0.1924   -0.1872   0.0052    2.7%  FALSE   FALSE  
  2->6     sex               0.2043    0.2063   0.0020    1.0%   TRUE    TRUE  
  3->4     htn_baseline      0.0882    0.0884   0.0002    0.2%   TRUE    TRUE  
  3->4     sex               0.2267    0.2267  -0.0000   -0.0%   TRUE    TRUE  
  3->6     htn_baseline     -0.2858   -0.2869  -0.0012   -0.4%   TRUE    TRUE  
  3->6     sex               0.3548    0.3543  -0.0005   -0.1%   TRUE    TRUE  
  4->5     htn_baseline      1.3258    1.3260   0.0001    0.0%   TRUE    TRUE  
  4->5     sex               0.1332    0.1332   0.0000    0.0%   TRUE    TRUE  
  4->6     htn_baseline      0.4931    0.4986   0.0055    1.1%   TRUE    TRUE  
  4->6     sex               0.6058    0.6010  -0.0049   -0.8%   TRUE    TRUE  
  5->6     htn_baseline      0.1235    0.1241   0.0006    0.5%   TRUE    TRUE  
  5->6     sex               0.2092    0.2094   0.0002    0.1%   TRUE    TRUE  
Saved: M1_Slb_htn16lb_comparison.csv, M1_Slb_htn16lb_all_params.csv


====== S_ub: htn_baseline beta(1->6) fixed at upper CI = 3.3542 (HR=28.6227) ======
S_ub converged.

──────────────────────────────────────────────────────────────────────────────────────────
  S_ub: htn_baseline beta(1->6) fixed = 3.3542 (upper CI)
──────────────────────────────────────────────────────────────────────────────────────────
  trans             a_ij  (     lower,      upper)
  1->2          0.542921  (  0.504198,   0.584618)
  1->6          0.000377  (  0.000296,   0.000480)
  2->3          0.166559  (  0.156693,   0.177047)
  2->6          0.015118  (  0.012326,   0.018542)
  3->4          0.192642  (  0.180922,   0.205121)
  3->6          0.020715  (  0.017046,   0.025175)
  4->5          0.288389  (  0.270539,   0.307416)
  4->6          0.016574  (  0.012571,   0.021852)
  5->6          0.074605  (  0.068008,   0.081842)

  trans     covariate           beta         beta 95% CI        HR           HR 95% CI  status
  1->2      sex               0.0113  (-0.0392, 0.0618)    1.0114  ( 0.9616, 1.0638)  [ ]
  1->6      sex               0.3243  ( 0.0275, 0.6211)    1.3831  ( 1.0279, 1.8610)  [*]
  2->3      sex               0.1142  ( 0.0706, 0.1577)    1.1209  ( 1.0732, 1.1708)  [*]
  2->6      sex               0.2033  ( 0.0485, 0.3581)    1.2255  ( 1.0497, 1.4306)  [*]
  3->4      sex               0.2267  ( 0.1842, 0.2692)    1.2545  ( 1.2023, 1.3089)  [*]
  3->6      sex               0.3554  ( 0.2036, 0.5073)    1.4268  ( 1.2258, 1.6608)  [*]
  4->5      sex               0.1332  ( 0.0917, 0.1747)    1.1425  ( 1.0960, 1.1909)  [*]
  4->6      sex               0.6005  ( 0.3584, 0.8426)    1.8231  ( 1.4311, 2.3225)  [*]
  5->6      sex               0.2093  ( 0.1496, 0.2691)    1.2328  ( 1.1613, 1.3087)  [*]
  1->2      htn_baseline     -0.4212  (-0.4928,-0.3495)    0.6563  ( 0.6109, 0.7050)  [*]
  1->6      htn_baseline      3.3542  ( 3.3542, 3.3542)   28.6227  (28.6227,28.6227)  [*]
  2->3      htn_baseline     -0.0338  (-0.0944, 0.0268)    0.9668  ( 0.9099, 1.0272)  [ ]
  2->6      htn_baseline     -0.2061  (-0.4071,-0.0051)    0.8138  ( 0.6656, 0.9949)  [*]
  3->4      htn_baseline      0.0885  ( 0.0257, 0.1513)    1.0925  ( 1.0260, 1.1633)  [*]
  3->6      htn_baseline     -0.2871  (-0.4808,-0.0935)    0.7504  ( 0.6183, 0.9107)  [*]
  4->5      htn_baseline      1.3263  ( 1.2634, 1.3893)    3.7673  ( 3.5373, 4.0122)  [*]
  4->6      htn_baseline      0.4976  ( 0.2446, 0.7505)    1.6448  ( 1.2772, 2.1181)  [*]
  5->6      htn_baseline      0.1235  ( 0.0344, 0.2127)    1.1315  ( 1.0350, 1.2370)  [*]

Parameter changes (full -> S_ub):

  trans    covariate      beta_full  beta_Sub    delta    pct%  sig_f sig_Sub  note
  1->2     htn_baseline     -0.4200   -0.4212  -0.0012   -0.3%   TRUE    TRUE  
  1->2     sex               0.0113    0.0113  -0.0000   -0.0%  FALSE   FALSE  
  1->6     htn_baseline      2.0243    3.3542   1.3299   65.7%   TRUE    TRUE  
  1->6     sex               0.3127    0.3243   0.0116    3.7%   TRUE    TRUE  
  2->3     htn_baseline     -0.0336   -0.0338  -0.0002   -0.6%  FALSE   FALSE  
  2->3     sex               0.1142    0.1142   0.0000    0.0%   TRUE    TRUE  
  2->6     htn_baseline     -0.1924   -0.2061  -0.0137   -7.1%  FALSE    TRUE  << SIGNIFICANCE CHANGED
  2->6     sex               0.2043    0.2033  -0.0010   -0.5%   TRUE    TRUE  
  3->4     htn_baseline      0.0882    0.0885   0.0002    0.2%   TRUE    TRUE  
  3->4     sex               0.2267    0.2267  -0.0000   -0.0%   TRUE    TRUE  
  3->6     htn_baseline     -0.2858   -0.2871  -0.0014   -0.5%   TRUE    TRUE  
  3->6     sex               0.3548    0.3554   0.0006    0.2%   TRUE    TRUE  
  4->5     htn_baseline      1.3258    1.3263   0.0005    0.0%   TRUE    TRUE  
  4->5     sex               0.1332    0.1332  -0.0000   -0.0%   TRUE    TRUE  
  4->6     htn_baseline      0.4931    0.4976   0.0045    0.9%   TRUE    TRUE  
  4->6     sex               0.6058    0.6005  -0.0053   -0.9%   TRUE    TRUE  
  5->6     htn_baseline      0.1235    0.1235   0.0000    0.0%   TRUE    TRUE  
  5->6     sex               0.2092    0.2093   0.0001    0.1%   TRUE    TRUE  
Saved: M1_Sub_htn16ub_comparison.csv, M1_Sub_htn16ub_all_params.csv


====== Side-by-Side: Full / S_lb / S_ub ======
  [*]=significant  [ ]=not significant  [F]=fixed

  trans    covariate       Full                  S_lb(β=0.6945)       S_ub(β=3.3542)     
  ------------------------------------------------------------------------------------
  1->2     sex              0.0113 [ ]            0.0113 [ ]            0.0113 [ ]         
  1->6     sex              0.3127 [*]            0.3074 [*]            0.3243 [*]         
  2->3     sex              0.1142 [*]            0.1142 [*]            0.1142 [*]         
  2->6     sex              0.2043 [*]            0.2063 [*]            0.2033 [*]         
  3->4     sex              0.2267 [*]            0.2267 [*]            0.2267 [*]         
  3->6     sex              0.3548 [*]            0.3543 [*]            0.3554 [*]         
  4->5     sex              0.1332 [*]            0.1332 [*]            0.1332 [*]         
  4->6     sex              0.6058 [*]            0.6010 [*]            0.6005 [*]         
  5->6     sex              0.2092 [*]            0.2094 [*]            0.2093 [*]         
  1->2     htn_baseline    -0.4200 [*]           -0.4191 [*]           -0.4212 [*]         
  1->6     htn_baseline     2.0243 [*]            0.6945 [*]            3.3542 [*]         
  2->3     htn_baseline    -0.0336 [ ]           -0.0338 [ ]           -0.0338 [ ]         
  2->6     htn_baseline    -0.1924 [ ]           -0.1872 [ ]           -0.2061 [*]         
  3->4     htn_baseline     0.0882 [*]            0.0884 [*]            0.0885 [*]         
  3->6     htn_baseline    -0.2858 [*]           -0.2869 [*]           -0.2871 [*]         
  4->5     htn_baseline     1.3258 [*]            1.3260 [*]            1.3263 [*]         
  4->6     htn_baseline     0.4931 [*]            0.4986 [*]            0.4976 [*]         
  5->6     htn_baseline     0.1235 [*]            0.1241 [*]            0.1235 [*]         

Saved: M1_sensitivity_significance_table.csv

===== Done =====
